\BOOKMARK [2][-]{section*.1}{\376\377\000S\000i\000m\000p\000l\000i\000f\000i\000e\000d\000\040\000C\000o\000m\000p\000i\000l\000e\000r\000\040\000S\000t\000r\000u\000c\000t\000u\000r\000e}{}% 1
\BOOKMARK [2][-]{section*.2}{\376\377\000S\000t\000a\000c\000k\000\040\000l\000a\000y\000o\000u\000t}{}% 2
\BOOKMARK [2][-]{section*.3}{\376\377\000S\000u\000f\000f\000i\000e\000x\000e\000s}{}% 3
\BOOKMARK [2][-]{section*.4}{\376\377\000m\000o\000v\000q\000-\000i\000n\000s\000t\000r\000u\000c\000t\000i\000o\000n}{}% 4
\BOOKMARK [2][-]{section*.5}{\376\377\000F\000l\000a\000g\000s}{}% 5
\BOOKMARK [2][-]{section*.6}{\376\377\000A\000d\000d\000r\000e\000s\000s\000i\000n\000g}{}% 6
\BOOKMARK [2][-]{section*.7}{\376\377\000l\000e\000a\000q\000\040\000v\000s\000.\000\040\000m\000o\000v\000q}{}% 7
\BOOKMARK [2][-]{section*.8}{\376\377\000C\000a\000l\000l\000e\000e\000\040\000v\000s\000.\000\040\000C\000a\000l\000l\000e\000r\000\040\000s\000a\000v\000e\000d}{}% 8
\BOOKMARK [2][-]{section*.9}{\376\377\000P\000a\000r\000a\000m\000e\000t\000e\000r}{}% 9
\BOOKMARK [2][-]{section*.10}{\376\377\000W\000h\000y\000\040\000I\000n\000t\000e\000r\000m\000e\000d\000i\000a\000t\000e\000\040\000R\000e\000p\000r\000e\000s\000e\000n\000t\000a\000t\000i\000o\000n\000s\000?}{}% 10
\BOOKMARK [2][-]{section*.11}{\376\377\000B\000a\000s\000i\000c\000\040\000B\000l\000o\000c\000k\000s}{}% 11
\BOOKMARK [2][-]{section*.12}{\376\377\000C\000F\000G\000s}{}% 12
\BOOKMARK [2][-]{section*.13}{\376\377\000g\000e\000t\000e\000l\000e\000m\000e\000n\000t\000p\000t\000r\000\040\000i\000n\000s\000t\000r\000u\000c\000t\000i\000o\000n}{}% 13
\BOOKMARK [2][-]{section*.15}{\376\377\000C\000h\000o\000m\000s\000k\000y\000\040\000H\000i\000e\000r\000a\000r\000c\000h\000y}{}% 14
\BOOKMARK [2][-]{section*.16}{\376\377\000M\000a\000t\000c\000h\000i\000n\000g\000\040\000R\000u\000l\000e\000\040\000f\000o\000r\000\040\000L\000e\000x\000e\000r}{}% 15
\BOOKMARK [2][-]{section*.17}{\376\377\000L\000e\000x\000e\000r\000\040\000G\000e\000n\000e\000r\000a\000t\000o\000r}{}% 16
\BOOKMARK [2][-]{section*.18}{\376\377\000I\000m\000p\000l\000e\000m\000e\000n\000t\000a\000t\000i\000o\000n\000\040\000S\000t\000r\000a\000t\000e\000g\000i\000e\000s}{}% 17
\BOOKMARK [2][-]{section*.19}{\376\377\000D\000F\000A\000\040\000v\000s\000.\000\040\000N\000F\000A}{}% 18
\BOOKMARK [2][-]{section*.20}{\376\377\000P\000a\000r\000s\000i\000n\000g}{}% 19
\BOOKMARK [2][-]{section*.21}{\376\377\000C\000O\000N\000T\000E\000X\000T\000\040\000F\000R\000E\000E\000\040\000G\000R\000A\000M\000M\000A\000R\000S}{}% 20
\BOOKMARK [2][-]{section*.22}{\376\377\000P\000a\000r\000s\000e\000\040\000T\000r\000e\000e\000s\000\040\000t\000o\000\040\000A\000b\000s\000t\000r\000a\000c\000t\000\040\000S\000y\000n\000t\000a\000x}{}% 21
\BOOKMARK [2][-]{section*.23}{\376\377\000D\000e\000r\000i\000v\000a\000t\000i\000o\000n\000\040\000O\000r\000d\000e\000r\000s}{}% 22
\BOOKMARK [2][-]{section*.24}{\376\377\000L\000L\000\050\0001\000\051\000\040\000G\000R\000A\000M\000M\000A\000R\000S}{}% 23
\BOOKMARK [2][-]{section*.25}{\376\377\000M\000a\000k\000i\000n\000g\000\040\000a\000\040\000g\000r\000a\000m\000m\000a\000r\000\040\000L\000L\000\050\0001\000\051}{}% 24
\BOOKMARK [2][-]{section*.26}{\376\377\000P\000r\000e\000d\000i\000c\000t\000i\000v\000e\000\040\000P\000a\000r\000s\000i\000n\000g}{}% 25
\BOOKMARK [2][-]{section*.27}{\376\377\000C\000o\000n\000s\000t\000r\000u\000c\000t\000i\000o\000n\000\040\000o\000f\000\040\000t\000h\000e\000\040\000p\000a\000r\000s\000e\000\040\000t\000a\000b\000l\000e\000:}{}% 26
\BOOKMARK [2][-]{section*.28}{\376\377\000L\000R\000\040\000G\000R\000A\000M\000M\000A\000R\000S}{}% 27
\BOOKMARK [2][-]{section*.29}{\376\377\000S\000h\000i\000f\000t\000/\000R\000e\000d\000u\000c\000e\000\040\000P\000a\000r\000s\000i\000n\000g}{}% 28
\BOOKMARK [2][-]{section*.30}{\376\377\000C\000o\000n\000s\000t\000r\000u\000c\000t\000i\000n\000g\000\040\000t\000h\000e\000\040\000D\000F\000A\000:\000\040\000S\000t\000a\000r\000t\000\040\000s\000t\000a\000t\000e\000\040\000\046\000\040\000C\000l\000o\000s\000u\000r\000e}{}% 29
\BOOKMARK [2][-]{section*.31}{\376\377\000I\000m\000p\000l\000e\000m\000e\000n\000t\000i\000n\000g\000\040\000t\000h\000e\000\040\000P\000a\000r\000s\000i\000n\000g\000\040\000T\000a\000b\000l\000e}{}% 30
\BOOKMARK [2][-]{section*.32}{\376\377\000L\000R\000\050\0000\000\051\000\040\000L\000i\000m\000i\000t\000a\000t\000i\000o\000n\000s}{}% 31
\BOOKMARK [2][-]{section*.33}{\376\377\000L\000R\000\050\0001\000\051\000\040\000P\000a\000r\000s\000i\000n\000g}{}% 32
\BOOKMARK [2][-]{section*.34}{\376\377\000L\000a\000m\000b\000d\000a\000\040\000C\000a\000l\000c\000u\000l\000u\000s}{}% 33
\BOOKMARK [2][-]{section*.35}{\376\377\000O\000p\000e\000r\000a\000t\000i\000o\000n\000a\000l\000\040\000S\000e\000m\000a\000n\000t\000i\000c\000s}{}% 34
\BOOKMARK [2][-]{section*.36}{\376\377\000Y\000\040\000C\000o\000m\000b\000i\000n\000a\000t\000o\000r\000\040\000\046\000\040\000F\000a\000c\000t\000o\000r\000i\000a\000l}{}% 35
\BOOKMARK [2][-]{section*.37}{\376\377\000C\000L\000O\000S\000U\000R\000E\000\040\000C\000O\000N\000V\000E\000R\000S\000I\000O\000N}{}% 36
\BOOKMARK [2][-]{section*.38}{\376\377\000C\000o\000m\000p\000i\000l\000i\000n\000g\000\040\000O\000b\000j\000e\000c\000t\000s}{}% 37
